This file contains any messages produced by compilers while
running configure, to aid debugging if configure makes a mistake.

It was created by basebank configure 1.0, which was
generated by GNU Autoconf 2.69.  Invocation command line was

  $ ./configure --prefix=/tmp/basbank

## --------- ##
## Platform. ##
## --------- ##

hostname = NetBook01
uname -m = x86_64
uname -r = 4.7.0-0.rc2.git0.1.fc25.x86_64
uname -s = Linux
uname -v = #1 SMP Mon Jun 6 16:28:21 UTC 2016

/usr/bin/uname -p = x86_64
/bin/uname -X     = unknown

/bin/arch              = x86_64
/usr/bin/arch -k       = unknown
/usr/convex/getsysinfo = unknown
/usr/bin/hostinfo      = unknown
/bin/machine           = unknown
/usr/bin/oslevel       = unknown
/bin/universe          = unknown

PATH: /home/zlei/Documents/flex_sdk_4.6/bin
PATH: /opt/x-tools/bin
PATH: /home/zlei/Documents/adt-bundle-linux-x86_64-20130917/sdk/tools
PATH: /home/zlei/Documents/adt-bundle-linux-x86_64-20130917/sdk/platform-tools
PATH: /usr/java/jdk1.6.0_43/bin
PATH: /usr/java/jdk1.6.0_43/jre/bin
PATH: /usr/java/apache-ant-1.8.3/bin
PATH: /usr/lib64/qt-3.3/bin
PATH: /usr/local/bin
PATH: /usr/local/sbin
PATH: /usr/bin
PATH: /usr/sbin
PATH: /home/zlei/bin
PATH: /home/zlei/bin


## ----------- ##
## Core tests. ##
## ----------- ##

configure:2078: checking for a BSD-compatible install
configure:2146: result: /usr/bin/install -c
configure:2157: checking whether build environment is sane
configure:2212: result: yes
configure:2363: checking for a thread-safe mkdir -p
configure:2402: result: /usr/bin/mkdir -p
configure:2409: checking for gawk
configure:2425: found /usr/bin/gawk
configure:2436: result: gawk
configure:2447: checking whether make sets $(MAKE)
configure:2469: result: yes
configure:2498: checking whether make supports nested variables
configure:2515: result: yes
configure:2691: checking for gcc
configure:2707: found /usr/bin/gcc
configure:2718: result: gcc
configure:2947: checking for C compiler version
configure:2956: gcc --version >&5
gcc (GCC) 6.1.1 20160510 (Red Hat 6.1.1-2)
Copyright (C) 2016 Free Software Foundation, Inc.
This is free software; see the source for copying conditions.  There is NO
warranty; not even for MERCHANTABILITY or FITNESS FOR A PARTICULAR PURPOSE.

configure:2967: $? = 0
configure:2956: gcc -v >&5
Using built-in specs.
COLLECT_GCC=gcc
COLLECT_LTO_WRAPPER=/usr/libexec/gcc/x86_64-redhat-linux/6.1.1/lto-wrapper
Target: x86_64-redhat-linux
Configured with: ../configure --enable-bootstrap --enable-languages=c,c++,objc,obj-c++,fortran,ada,go,lto --prefix=/usr --mandir=/usr/share/man --infodir=/usr/share/info --with-bugurl=http://bugzilla.redhat.com/bugzilla --enable-shared --enable-threads=posix --enable-checking=release --enable-multilib --with-system-zlib --enable-__cxa_atexit --disable-libunwind-exceptions --enable-gnu-unique-object --enable-linker-build-id --with-linker-hash-style=gnu --enable-plugin --enable-initfini-array --disable-libgcj --with-isl --enable-libmpx --enable-gnu-indirect-function --with-tune=generic --with-arch_32=i686 --build=x86_64-redhat-linux
Thread model: posix
gcc version 6.1.1 20160510 (Red Hat 6.1.1-2) (GCC) 
configure:2967: $? = 0
configure:2956: gcc -V >&5
gcc: error: unrecognized command line option '-V'
gcc: fatal error: no input files
compilation terminated.
configure:2967: $? = 1
configure:2956: gcc -qversion >&5
gcc: error: unrecognized command line option '-qversion'; did you mean '--version'?
gcc: fatal error: no input files
compilation terminated.
configure:2967: $? = 1
configure:2987: checking whether the C compiler works
configure:3009: gcc    conftest.c  >&5
configure:3013: $? = 0
configure:3061: result: yes
configure:3064: checking for C compiler default output file name
configure:3066: result: a.out
configure:3072: checking for suffix of executables
configure:3079: gcc -o conftest    conftest.c  >&5
configure:3083: $? = 0
configure:3105: result: 
configure:3127: checking whether we are cross compiling
configure:3135: gcc -o conftest    conftest.c  >&5
configure:3139: $? = 0
configure:3146: ./conftest
configure:3150: $? = 0
configure:3165: result: no
configure:3170: checking for suffix of object files
configure:3192: gcc -c   conftest.c >&5
configure:3196: $? = 0
configure:3217: result: o
configure:3221: checking whether we are using the GNU C compiler
configure:3240: gcc -c   conftest.c >&5
configure:3240: $? = 0
configure:3249: result: yes
configure:3258: checking whether gcc accepts -g
configure:3278: gcc -c -g  conftest.c >&5
configure:3278: $? = 0
configure:3319: result: yes
configure:3336: checking for gcc option to accept ISO C89
configure:3399: gcc  -c -g -O2  conftest.c >&5
configure:3399: $? = 0
configure:3412: result: none needed
configure:3437: checking whether gcc understands -c and -o together
configure:3459: gcc -c conftest.c -o conftest2.o
configure:3462: $? = 0
configure:3459: gcc -c conftest.c -o conftest2.o
configure:3462: $? = 0
configure:3474: result: yes
configure:3502: checking for style of include used by make
configure:3530: result: GNU
configure:3556: checking dependency style of gcc
configure:3667: result: gcc3
configure:3692: checking how to run the C preprocessor
configure:3723: gcc -E  conftest.c
configure:3723: $? = 0
configure:3737: gcc -E  conftest.c
conftest.c:11:28: fatal error: ac_nonexistent.h: No such file or directory
 #include <ac_nonexistent.h>
                            ^
compilation terminated.
configure:3737: $? = 1
configure: failed program was:
| /* confdefs.h */
| #define PACKAGE_NAME "basebank"
| #define PACKAGE_TARNAME "basebank"
| #define PACKAGE_VERSION "1.0"
| #define PACKAGE_STRING "basebank 1.0"
| #define PACKAGE_BUGREPORT "leizhifesker@gmail.com"
| #define PACKAGE_URL ""
| #define PACKAGE "basebank"
| #define VERSION "1.0"
| /* end confdefs.h.  */
| #include <ac_nonexistent.h>
configure:3762: result: gcc -E
configure:3782: gcc -E  conftest.c
configure:3782: $? = 0
configure:3796: gcc -E  conftest.c
conftest.c:11:28: fatal error: ac_nonexistent.h: No such file or directory
 #include <ac_nonexistent.h>
                            ^
compilation terminated.
configure:3796: $? = 1
configure: failed program was:
| /* confdefs.h */
| #define PACKAGE_NAME "basebank"
| #define PACKAGE_TARNAME "basebank"
| #define PACKAGE_VERSION "1.0"
| #define PACKAGE_STRING "basebank 1.0"
| #define PACKAGE_BUGREPORT "leizhifesker@gmail.com"
| #define PACKAGE_URL ""
| #define PACKAGE "basebank"
| #define VERSION "1.0"
| /* end confdefs.h.  */
| #include <ac_nonexistent.h>
configure:3825: checking for grep that handles long lines and -e
configure:3883: result: /usr/bin/grep
configure:3888: checking for egrep
configure:3950: result: /usr/bin/grep -E
configure:3955: checking for ANSI C header files
configure:3975: gcc -c -g -O2  conftest.c >&5
configure:3975: $? = 0
configure:4048: gcc -o conftest -g -O2   conftest.c  >&5
configure:4048: $? = 0
configure:4048: ./conftest
configure:4048: $? = 0
configure:4059: result: yes
configure:4072: checking for sys/types.h
configure:4072: gcc -c -g -O2  conftest.c >&5
configure:4072: $? = 0
configure:4072: result: yes
configure:4072: checking for sys/stat.h
configure:4072: gcc -c -g -O2  conftest.c >&5
configure:4072: $? = 0
configure:4072: result: yes
configure:4072: checking for stdlib.h
configure:4072: gcc -c -g -O2  conftest.c >&5
configure:4072: $? = 0
configure:4072: result: yes
configure:4072: checking for string.h
configure:4072: gcc -c -g -O2  conftest.c >&5
configure:4072: $? = 0
configure:4072: result: yes
configure:4072: checking for memory.h
configure:4072: gcc -c -g -O2  conftest.c >&5
configure:4072: $? = 0
configure:4072: result: yes
configure:4072: checking for strings.h
configure:4072: gcc -c -g -O2  conftest.c >&5
configure:4072: $? = 0
configure:4072: result: yes
configure:4072: checking for inttypes.h
configure:4072: gcc -c -g -O2  conftest.c >&5
configure:4072: $? = 0
configure:4072: result: yes
configure:4072: checking for stdint.h
configure:4072: gcc -c -g -O2  conftest.c >&5
configure:4072: $? = 0
configure:4072: result: yes
configure:4072: checking for unistd.h
configure:4072: gcc -c -g -O2  conftest.c >&5
configure:4072: $? = 0
configure:4072: result: yes
configure:4087: checking for stdlib.h
configure:4087: result: yes
configure:4087: checking for string.h
configure:4087: result: yes
configure:4213: checking that generated files are newer than configure
configure:4219: result: done
configure:4242: creating ./config.status

## ---------------------- ##
## Running config.status. ##
## ---------------------- ##

This file was extended by basebank config.status 1.0, which was
generated by GNU Autoconf 2.69.  Invocation command line was

  CONFIG_FILES    = 
  CONFIG_HEADERS  = 
  CONFIG_LINKS    = 
  CONFIG_COMMANDS = 
  $ ./config.status 

on NetBook01

config.status:855: creating Makefile
config.status:855: creating src/Makefile
config.status:855: creating config.h
config.status:1036: config.h is unchanged
config.status:1084: executing depfiles commands

## ---------------- ##
## Cache variables. ##
## ---------------- ##

ac_cv_c_compiler_gnu=yes
ac_cv_env_CC_set=
ac_cv_env_CC_value=
ac_cv_env_CFLAGS_set=
ac_cv_env_CFLAGS_value=
ac_cv_env_CPPFLAGS_set=
ac_cv_env_CPPFLAGS_value=
ac_cv_env_CPP_set=
ac_cv_env_CPP_value=
ac_cv_env_LDFLAGS_set=
ac_cv_env_LDFLAGS_value=
ac_cv_env_LIBS_set=
ac_cv_env_LIBS_value=
ac_cv_env_build_alias_set=
ac_cv_env_build_alias_value=
ac_cv_env_host_alias_set=
ac_cv_env_host_alias_value=
ac_cv_env_target_alias_set=
ac_cv_env_target_alias_value=
ac_cv_header_inttypes_h=yes
ac_cv_header_memory_h=yes
ac_cv_header_stdc=yes
ac_cv_header_stdint_h=yes
ac_cv_header_stdlib_h=yes
ac_cv_header_string_h=yes
ac_cv_header_strings_h=yes
ac_cv_header_sys_stat_h=yes
ac_cv_header_sys_types_h=yes
ac_cv_header_unistd_h=yes
ac_cv_objext=o
ac_cv_path_EGREP='/usr/bin/grep -E'
ac_cv_path_GREP=/usr/bin/grep
ac_cv_path_install='/usr/bin/install -c'
ac_cv_path_mkdir=/usr/bin/mkdir
ac_cv_prog_AWK=gawk
ac_cv_prog_CPP='gcc -E'
ac_cv_prog_ac_ct_CC=gcc
ac_cv_prog_cc_c89=
ac_cv_prog_cc_g=yes
ac_cv_prog_make_make_set=yes
am_cv_CC_dependencies_compiler_type=gcc3
am_cv_make_support_nested_variables=yes
am_cv_prog_cc_c_o=yes

## ----------------- ##
## Output variables. ##
## ----------------- ##

ACLOCAL='${SHELL} /home/zlei/Desktop/ProgramLanguageBaseC/lesson5/prject/basebank/missing aclocal-1.15'
AMDEPBACKSLASH='\'
AMDEP_FALSE='#'
AMDEP_TRUE=''
AMTAR='$${TAR-tar}'
AM_BACKSLASH='\'
AM_DEFAULT_V='$(AM_DEFAULT_VERBOSITY)'
AM_DEFAULT_VERBOSITY='1'
AM_V='$(V)'
AUTOCONF='${SHELL} /home/zlei/Desktop/ProgramLanguageBaseC/lesson5/prject/basebank/missing autoconf'
AUTOHEADER='${SHELL} /home/zlei/Desktop/ProgramLanguageBaseC/lesson5/prject/basebank/missing autoheader'
AUTOMAKE='${SHELL} /home/zlei/Desktop/ProgramLanguageBaseC/lesson5/prject/basebank/missing automake-1.15'
AWK='gawk'
CC='gcc'
CCDEPMODE='depmode=gcc3'
CFLAGS='-g -O2'
CPP='gcc -E'
CPPFLAGS=''
CYGPATH_W='echo'
DEFS='-DHAVE_CONFIG_H'
DEPDIR='.deps'
ECHO_C=''
ECHO_N='-n'
ECHO_T=''
EGREP='/usr/bin/grep -E'
EXEEXT=''
GREP='/usr/bin/grep'
INSTALL_DATA='${INSTALL} -m 644'
INSTALL_PROGRAM='${INSTALL}'
INSTALL_SCRIPT='${INSTALL}'
INSTALL_STRIP_PROGRAM='$(install_sh) -c -s'
LDFLAGS=''
LIBOBJS=''
LIBS=''
LTLIBOBJS=''
MAKEINFO='${SHELL} /home/zlei/Desktop/ProgramLanguageBaseC/lesson5/prject/basebank/missing makeinfo'
MKDIR_P='/usr/bin/mkdir -p'
OBJEXT='o'
PACKAGE='basebank'
PACKAGE_BUGREPORT='leizhifesker@gmail.com'
PACKAGE_NAME='basebank'
PACKAGE_STRING='basebank 1.0'
PACKAGE_TARNAME='basebank'
PACKAGE_URL=''
PACKAGE_VERSION='1.0'
PATH_SEPARATOR=':'
SET_MAKE=''
SHELL='/bin/sh'
STRIP=''
VERSION='1.0'
ac_ct_CC='gcc'
am__EXEEXT_FALSE=''
am__EXEEXT_TRUE='#'
am__fastdepCC_FALSE='#'
am__fastdepCC_TRUE=''
am__include='include'
am__isrc=''
am__leading_dot='.'
am__nodep='_no'
am__quote=''
am__tar='$${TAR-tar} chof - "$$tardir"'
am__untar='$${TAR-tar} xf -'
bindir='${exec_prefix}/bin'
build_alias=''
datadir='${datarootdir}'
datarootdir='${prefix}/share'
docdir='${datarootdir}/doc/${PACKAGE_TARNAME}'
dvidir='${docdir}'
exec_prefix='${prefix}'
host_alias=''
htmldir='${docdir}'
includedir='${prefix}/include'
infodir='${datarootdir}/info'
install_sh='${SHELL} /home/zlei/Desktop/ProgramLanguageBaseC/lesson5/prject/basebank/install-sh'
libdir='${exec_prefix}/lib'
libexecdir='${exec_prefix}/libexec'
localedir='${datarootdir}/locale'
localstatedir='${prefix}/var'
mandir='${datarootdir}/man'
mkdir_p='$(MKDIR_P)'
oldincludedir='/usr/include'
pdfdir='${docdir}'
prefix='/tmp/basbank'
program_transform_name='s,x,x,'
psdir='${docdir}'
sbindir='${exec_prefix}/sbin'
sharedstatedir='${prefix}/com'
sysconfdir='${prefix}/etc'
target_alias=''

## ----------- ##
## confdefs.h. ##
## ----------- ##

/* confdefs.h */
#define PACKAGE_NAME "basebank"
#define PACKAGE_TARNAME "basebank"
#define PACKAGE_VERSION "1.0"
#define PACKAGE_STRING "basebank 1.0"
#define PACKAGE_BUGREPORT "leizhifesker@gmail.com"
#define PACKAGE_URL ""
#define PACKAGE "basebank"
#define VERSION "1.0"
#define STDC_HEADERS 1
#define HAVE_SYS_TYPES_H 1
#define HAVE_SYS_STAT_H 1
#define HAVE_STDLIB_H 1
#define HAVE_STRING_H 1
#define HAVE_MEMORY_H 1
#define HAVE_STRINGS_H 1
#define HAVE_INTTYPES_H 1
#define HAVE_STDINT_H 1
#define HAVE_UNISTD_H 1
#define HAVE_STDLIB_H 1
#define HAVE_STRING_H 1

configure: exit 0
